生成启动时间为 2018/6/19 18:00:39。
     1>项目“F:\新建文件夹\小学期\20163622_陈艺桐\D类\简单通讯率链表\简单通讯率\简单通讯率\简单通讯率.vcxproj”在节点 2 上(build 个目标)。
     1>InitializeBuildStatus:
         正在对“Debug\简单通讯率.unsuccessfulbuild”执行 Touch 任务。
       ClCompile:
         D:\Applications\VC\bin\CL.exe /c /ZI /nologo /W3 /WX- /Od /Oy- /D WIN32 /D _DEBUG /D _CONSOLE /D _UNICODE /D UNICODE /Gm /EHsc /RTC1 /MDd /GS /fp:precise /Zc:wchar_t /Zc:forScope /Fo"Debug\\" /Fd"Debug\vc100.pdb" /Gd /TP /analyze- /errorReport:prompt tongxun.cpp tongxun_1.cpp
         tongxun_1.cpp
     1>f:\新建文件夹\小学期\20163622_陈艺桐\d类\简单通讯率链表\简单通讯率\简单通讯率\tongxun.cpp(74): error C3861: “assert”: 找不到标识符
     1>f:\新建文件夹\小学期\20163622_陈艺桐\d类\简单通讯率链表\简单通讯率\简单通讯率\tongxun.cpp(211): error C2065: “pNew”: 未声明的标识符
     1>f:\新建文件夹\小学期\20163622_陈艺桐\d类\简单通讯率链表\简单通讯率\简单通讯率\tongxun.cpp(211): error C2227: “->number”的左边必须指向类/结构/联合/泛型类型
                 类型是“'unknown-type'”
     1>f:\新建文件夹\小学期\20163622_陈艺桐\d类\简单通讯率链表\简单通讯率\简单通讯率\tongxun.cpp(211): error C2065: “pNew”: 未声明的标识符
     1>f:\新建文件夹\小学期\20163622_陈艺桐\d类\简单通讯率链表\简单通讯率\简单通讯率\tongxun.cpp(211): error C2227: “->name”的左边必须指向类/结构/联合/泛型类型
                 类型是“'unknown-type'”
     1>f:\新建文件夹\小学期\20163622_陈艺桐\d类\简单通讯率链表\简单通讯率\简单通讯率\tongxun.cpp(211): error C2065: “pNew”: 未声明的标识符
     1>f:\新建文件夹\小学期\20163622_陈艺桐\d类\简单通讯率链表\简单通讯率\简单通讯率\tongxun.cpp(211): error C2227: “->sex”的左边必须指向类/结构/联合/泛型类型
                 类型是“'unknown-type'”
     1>f:\新建文件夹\小学期\20163622_陈艺桐\d类\简单通讯率链表\简单通讯率\简单通讯率\tongxun.cpp(211): error C2065: “pNew”: 未声明的标识符
     1>f:\新建文件夹\小学期\20163622_陈艺桐\d类\简单通讯率链表\简单通讯率\简单通讯率\tongxun.cpp(211): error C2227: “->age”的左边必须指向类/结构/联合/泛型类型
                 类型是“'unknown-type'”
     1>f:\新建文件夹\小学期\20163622_陈艺桐\d类\简单通讯率链表\简单通讯率\简单通讯率\tongxun.cpp(211): error C2065: “pNew”: 未声明的标识符
     1>f:\新建文件夹\小学期\20163622_陈艺桐\d类\简单通讯率链表\简单通讯率\简单通讯率\tongxun.cpp(211): error C2227: “->pho”的左边必须指向类/结构/联合/泛型类型
                 类型是“'unknown-type'”
     1>f:\新建文件夹\小学期\20163622_陈艺桐\d类\简单通讯率链表\简单通讯率\简单通讯率\tongxun.cpp(211): error C2065: “pNew”: 未声明的标识符
     1>f:\新建文件夹\小学期\20163622_陈艺桐\d类\简单通讯率链表\简单通讯率\简单通讯率\tongxun.cpp(211): error C2227: “->tel”的左边必须指向类/结构/联合/泛型类型
                 类型是“'unknown-type'”
     1>f:\新建文件夹\小学期\20163622_陈艺桐\d类\简单通讯率链表\简单通讯率\简单通讯率\tongxun.cpp(212): error C2065: “pNew”: 未声明的标识符
     1>f:\新建文件夹\小学期\20163622_陈艺桐\d类\简单通讯率链表\简单通讯率\简单通讯率\tongxun.cpp(212): error C2065: “pNew”: 未声明的标识符
     1>f:\新建文件夹\小学期\20163622_陈艺桐\d类\简单通讯率链表\简单通讯率\简单通讯率\tongxun.cpp(212): error C2227: “->next”的左边必须指向类/结构/联合/泛型类型
                 类型是“'unknown-type'”
     1>f:\新建文件夹\小学期\20163622_陈艺桐\d类\简单通讯率链表\简单通讯率\简单通讯率\tongxun.cpp(219): error C2065: “pHead”: 未声明的标识符
     1>f:\新建文件夹\小学期\20163622_陈艺桐\d类\简单通讯率链表\简单通讯率\简单通讯率\tongxun.cpp(220): error C2059: 语法错误:“while”
     1>f:\新建文件夹\小学期\20163622_陈艺桐\d类\简单通讯率链表\简单通讯率\简单通讯率\tongxun.cpp(222): error C2143: 语法错误 : 缺少“;”(在“{”的前面)
     1>f:\新建文件夹\小学期\20163622_陈艺桐\d类\简单通讯率链表\简单通讯率\简单通讯率\tongxun.cpp(222): error C2447: “{”: 缺少函数标题(是否是老式的形式表?)
         tongxun.cpp
     1>f:\新建文件夹\小学期\20163622_陈艺桐\d类\简单通讯率链表\简单通讯率\简单通讯率\tongxun.cpp(74): error C3861: “assert”: 找不到标识符
     1>f:\新建文件夹\小学期\20163622_陈艺桐\d类\简单通讯率链表\简单通讯率\简单通讯率\tongxun.cpp(211): error C2065: “pNew”: 未声明的标识符
     1>f:\新建文件夹\小学期\20163622_陈艺桐\d类\简单通讯率链表\简单通讯率\简单通讯率\tongxun.cpp(211): error C2227: “->number”的左边必须指向类/结构/联合/泛型类型
                 类型是“'unknown-type'”
     1>f:\新建文件夹\小学期\20163622_陈艺桐\d类\简单通讯率链表\简单通讯率\简单通讯率\tongxun.cpp(211): error C2065: “pNew”: 未声明的标识符
     1>f:\新建文件夹\小学期\20163622_陈艺桐\d类\简单通讯率链表\简单通讯率\简单通讯率\tongxun.cpp(211): error C2227: “->name”的左边必须指向类/结构/联合/泛型类型
                 类型是“'unknown-type'”
     1>f:\新建文件夹\小学期\20163622_陈艺桐\d类\简单通讯率链表\简单通讯率\简单通讯率\tongxun.cpp(211): error C2065: “pNew”: 未声明的标识符
     1>f:\新建文件夹\小学期\20163622_陈艺桐\d类\简单通讯率链表\简单通讯率\简单通讯率\tongxun.cpp(211): error C2227: “->sex”的左边必须指向类/结构/联合/泛型类型
                 类型是“'unknown-type'”
     1>f:\新建文件夹\小学期\20163622_陈艺桐\d类\简单通讯率链表\简单通讯率\简单通讯率\tongxun.cpp(211): error C2065: “pNew”: 未声明的标识符
     1>f:\新建文件夹\小学期\20163622_陈艺桐\d类\简单通讯率链表\简单通讯率\简单通讯率\tongxun.cpp(211): error C2227: “->age”的左边必须指向类/结构/联合/泛型类型
                 类型是“'unknown-type'”
     1>f:\新建文件夹\小学期\20163622_陈艺桐\d类\简单通讯率链表\简单通讯率\简单通讯率\tongxun.cpp(211): error C2065: “pNew”: 未声明的标识符
     1>f:\新建文件夹\小学期\20163622_陈艺桐\d类\简单通讯率链表\简单通讯率\简单通讯率\tongxun.cpp(211): error C2227: “->pho”的左边必须指向类/结构/联合/泛型类型
                 类型是“'unknown-type'”
     1>f:\新建文件夹\小学期\20163622_陈艺桐\d类\简单通讯率链表\简单通讯率\简单通讯率\tongxun.cpp(211): error C2065: “pNew”: 未声明的标识符
     1>f:\新建文件夹\小学期\20163622_陈艺桐\d类\简单通讯率链表\简单通讯率\简单通讯率\tongxun.cpp(211): error C2227: “->tel”的左边必须指向类/结构/联合/泛型类型
                 类型是“'unknown-type'”
     1>f:\新建文件夹\小学期\20163622_陈艺桐\d类\简单通讯率链表\简单通讯率\简单通讯率\tongxun.cpp(212): error C2065: “pNew”: 未声明的标识符
     1>f:\新建文件夹\小学期\20163622_陈艺桐\d类\简单通讯率链表\简单通讯率\简单通讯率\tongxun.cpp(212): error C2065: “pNew”: 未声明的标识符
     1>f:\新建文件夹\小学期\20163622_陈艺桐\d类\简单通讯率链表\简单通讯率\简单通讯率\tongxun.cpp(212): error C2227: “->next”的左边必须指向类/结构/联合/泛型类型
                 类型是“'unknown-type'”
     1>f:\新建文件夹\小学期\20163622_陈艺桐\d类\简单通讯率链表\简单通讯率\简单通讯率\tongxun.cpp(219): error C2065: “pHead”: 未声明的标识符
     1>f:\新建文件夹\小学期\20163622_陈艺桐\d类\简单通讯率链表\简单通讯率\简单通讯率\tongxun.cpp(220): error C2059: 语法错误:“while”
     1>f:\新建文件夹\小学期\20163622_陈艺桐\d类\简单通讯率链表\简单通讯率\简单通讯率\tongxun.cpp(222): error C2143: 语法错误 : 缺少“;”(在“{”的前面)
     1>f:\新建文件夹\小学期\20163622_陈艺桐\d类\简单通讯率链表\简单通讯率\简单通讯率\tongxun.cpp(222): error C2447: “{”: 缺少函数标题(是否是老式的形式表?)
     1>f:\新建文件夹\小学期\20163622_陈艺桐\d类\简单通讯率链表\简单通讯率\简单通讯率\tongxun.cpp(5): error C2084: 函数“info *cj(int)”已有主体
                 f:\新建文件夹\小学期\20163622_陈艺桐\d类\简单通讯率链表\简单通讯率\简单通讯率\tongxun.h(16) : 参见“cj”的前一个定义
     1>f:\新建文件夹\小学期\20163622_陈艺桐\d类\简单通讯率链表\简单通讯率\简单通讯率\tongxun.cpp(39): error C2084: 函数“info *addI(info *,int)”已有主体
                 f:\新建文件夹\小学期\20163622_陈艺桐\d类\简单通讯率链表\简单通讯率\简单通讯率\tongxun.h(20) : 参见“addI”的前一个定义
     1>f:\新建文件夹\小学期\20163622_陈艺桐\d类\简单通讯率链表\简单通讯率\简单通讯率\tongxun.cpp(72): error C2084: 函数“info *chaxunN(info *,std::string)”已有主体
                 f:\新建文件夹\小学期\20163622_陈艺桐\d类\简单通讯率链表\简单通讯率\简单通讯率\tongxun.h(22) : 参见“chaxunN”的前一个定义
     1>f:\新建文件夹\小学期\20163622_陈艺桐\d类\简单通讯率链表\简单通讯率\简单通讯率\tongxun.cpp(74): error C3861: “assert”: 找不到标识符
     1>f:\新建文件夹\小学期\20163622_陈艺桐\d类\简单通讯率链表\简单通讯率\简单通讯率\tongxun.cpp(90): error C2084: 函数“info *chaxunT(info *,std::string)”已有主体
                 f:\新建文件夹\小学期\20163622_陈艺桐\d类\简单通讯率链表\简单通讯率\简单通讯率\tongxun.h(21) : 参见“chaxunT”的前一个定义
     1>f:\新建文件夹\小学期\20163622_陈艺桐\d类\简单通讯率链表\简单通讯率\简单通讯率\tongxun.cpp(108): error C2084: 函数“info *deleB(info *,int)”已有主体
                 f:\新建文件夹\小学期\20163622_陈艺桐\d类\简单通讯率链表\简单通讯率\简单通讯率\tongxun.h(25) : 参见“deleB”的前一个定义
     1>f:\新建文件夹\小学期\20163622_陈艺桐\d类\简单通讯率链表\简单通讯率\简单通讯率\tongxun.cpp(137): error C2084: 函数“info *deleN(info *,std::string)”已有主体
                 f:\新建文件夹\小学期\20163622_陈艺桐\d类\简单通讯率链表\简单通讯率\简单通讯率\tongxun.h(24) : 参见“deleN”的前一个定义
     1>f:\新建文件夹\小学期\20163622_陈艺桐\d类\简单通讯率链表\简单通讯率\简单通讯率\tongxun.cpp(166): error C2084: 函数“void show(info *)”已有主体
                 f:\新建文件夹\小学期\20163622_陈艺桐\d类\简单通讯率链表\简单通讯率\简单通讯率\tongxun.h(19) : 参见“show”的前一个定义
     1>f:\新建文件夹\小学期\20163622_陈艺桐\d类\简单通讯率链表\简单通讯率\简单通讯率\tongxun.cpp(175): error C2084: 函数“info *change(info *,std::string)”已有主体
                 f:\新建文件夹\小学期\20163622_陈艺桐\d类\简单通讯率链表\简单通讯率\简单通讯率\tongxun.h(23) : 参见“change”的前一个定义
     1>f:\新建文件夹\小学期\20163622_陈艺桐\d类\简单通讯率链表\简单通讯率\简单通讯率\tongxun.cpp(205): error C2084: 函数“void file_in(info *)”已有主体
                 f:\新建文件夹\小学期\20163622_陈艺桐\d类\简单通讯率链表\简单通讯率\简单通讯率\tongxun.h(26) : 参见“file_in”的前一个定义
     1>f:\新建文件夹\小学期\20163622_陈艺桐\d类\简单通讯率链表\简单通讯率\简单通讯率\tongxun.cpp(219): error C2374: “pNew”: 重定义；多次初始化
                 f:\新建文件夹\小学期\20163622_陈艺桐\d类\简单通讯率链表\简单通讯率\简单通讯率\tongxun.cpp(219) : 参见“pNew”的声明
     1>f:\新建文件夹\小学期\20163622_陈艺桐\d类\简单通讯率链表\简单通讯率\简单通讯率\tongxun.cpp(219): error C2065: “pHead”: 未声明的标识符
     1>f:\新建文件夹\小学期\20163622_陈艺桐\d类\简单通讯率链表\简单通讯率\简单通讯率\tongxun.cpp(220): error C2059: 语法错误:“while”
     1>f:\新建文件夹\小学期\20163622_陈艺桐\d类\简单通讯率链表\简单通讯率\简单通讯率\tongxun.cpp(222): error C2143: 语法错误 : 缺少“;”(在“{”的前面)
     1>f:\新建文件夹\小学期\20163622_陈艺桐\d类\简单通讯率链表\简单通讯率\简单通讯率\tongxun.cpp(222): error C2447: “{”: 缺少函数标题(是否是老式的形式表?)
         正在生成代码...
     1>已完成生成项目“F:\新建文件夹\小学期\20163622_陈艺桐\D类\简单通讯率链表\简单通讯率\简单通讯率\简单通讯率.vcxproj”(build 个目标)的操作 - 失败。

生成失败。

已用时间 00:00:07.59
